<?xml version="1.0" encoding="UTF-8"?>
<!-- Generated by org.testng.reporters.JUnitReportReporter -->
<testsuite hostname="DESKTOP-0885IFF" failures="0" tests="2" name="Test.SelectRelianceShare" time="14.529" errors="0" timestamp="03 Aug 2022 05:36:11 GMT" skipped="0">
  <testcase classname="Test.SelectRelianceShare" name="demo" time="7.107"/>
  <testcase classname="Test.SelectRelianceShare" name="demo" time="7.422"/>
</testsuite> <!-- Test.SelectRelianceShare -->
