<?xml version="1.0" encoding="UTF-8"?>
<!-- Generated by org.testng.reporters.JUnitReportReporter -->
<testsuite hostname="DESKTOP-0885IFF" failures="0" tests="2" name="Test.VerifyLogin" time="16.820" errors="0" timestamp="03 Aug 2022 05:36:11 GMT" skipped="0">
  <testcase classname="Test.VerifyLogin" name="demo" time="8.088"/>
  <testcase classname="Test.VerifyLogin" name="demo" time="8.732"/>
</testsuite> <!-- Test.VerifyLogin -->
